{"E:\\Repositoris\\4_IT_Academy\\2025-s5-albertvalls\\src\\components\\Card.tsx": {"path":"E:\\Repositoris\\4_IT_Academy\\2025-s5-albertvalls\\src\\components\\Card.tsx","statementMap":{"0":{"start":{"line":3,"column":20},"end":{"line":24,"column":1}},"1":{"start":{"line":4,"column":71},"end":{"line":4,"column":79}},"2":{"start":{"line":5,"column":15},"end":{"line":5,"column":62}},"3":{"start":{"line":5,"column":60},"end":{"line":5,"column":61}},"4":{"start":{"line":7,"column":2},"end":{"line":23,"column":4}},"5":{"start":{"line":16,"column":10},"end":{"line":16,"column":26}},"6":{"start":{"line":16,"column":41},"end":{"line":16,"column":48}},"7":{"start":{"line":3,"column":13},"end":{"line":3,"column":20}}},"fnMap":{"0":{"name":"(anonymous_0)","decl":{"start":{"line":3,"column":20},"end":{"line":3,"column":21}},"loc":{"start":{"line":3,"column":67},"end":{"line":24,"column":1}}},"1":{"name":"(anonymous_1)","decl":{"start":{"line":5,"column":50},"end":{"line":5,"column":51}},"loc":{"start":{"line":5,"column":60},"end":{"line":5,"column":61}}},"2":{"name":"(anonymous_2)","decl":{"start":{"line":15,"column":18},"end":{"line":15,"column":19}},"loc":{"start":{"line":16,"column":10},"end":{"line":16,"column":26}}},"3":{"name":"(anonymous_3)","decl":{"start":{"line":16,"column":35},"end":{"line":16,"column":38}},"loc":{"start":{"line":16,"column":41},"end":{"line":16,"column":48}}}},"branchMap":{"0":{"loc":{"start":{"line":11,"column":7},"end":{"line":11,"column":62}},"type":"binary-expr","locations":[{"start":{"line":11,"column":7},"end":{"line":11,"column":17}},{"start":{"line":11,"column":21},"end":{"line":11,"column":62}}]},"1":{"loc":{"start":{"line":14,"column":9},"end":{"line":14,"column":54}},"type":"binary-expr","locations":[{"start":{"line":14,"column":9},"end":{"line":14,"column":17}},{"start":{"line":14,"column":21},"end":{"line":14,"column":54}}]},"2":{"loc":{"start":{"line":17,"column":13},"end":{"line":17,"column":40}},"type":"cond-expr","locations":[{"start":{"line":17,"column":31},"end":{"line":17,"column":34}},{"start":{"line":17,"column":37},"end":{"line":17,"column":40}}]},"3":{"loc":{"start":{"line":20,"column":9},"end":{"line":20,"column":53}},"type":"binary-expr","locations":[{"start":{"line":20,"column":9},"end":{"line":20,"column":16}},{"start":{"line":20,"column":20},"end":{"line":20,"column":53}}]}},"s":{"0":1,"1":1,"2":1,"3":3,"4":1,"5":3,"6":0,"7":1},"f":{"0":1,"1":3,"2":3,"3":0},"b":{"0":[1,0],"1":[1,0],"2":[1,2],"3":[1,1]}}
}
